<?xml version="1.0" encoding="UTF-8"?>
<testsuites tests="1561" failures="4" errors="0" skipped="0">
  <testsuite name="render-tests" tests="1561" failures="4" errors="0" skipped="0">
    <testcase classname="tests/zoomed-raster/underzoom" name="tests/zoomed-raster/underzoom"/>
    <testcase classname="tests/zoomed-raster/overzoom" name="tests/zoomed-raster/overzoom"/>
    <testcase classname="tests/zoomed-raster/fractional" name="tests/zoomed-raster/fractional"/>
    <testcase classname="tests/zoomed-fill/negative-zoom" name="tests/zoomed-fill/negative-zoom"/>
    <testcase classname="tests/zoomed-fill/default" name="tests/zoomed-fill/default"/>
    <testcase classname="tests/zoom-history/out" name="tests/zoom-history/out"/>
    <testcase classname="tests/zoom-history/in" name="tests/zoom-history/in"/>
    <testcase classname="tests/within/within-in-complex-filter" name="tests/within/within-in-complex-filter"/>
    <testcase classname="tests/within/within-feature-geojson" name="tests/within/within-feature-geojson"/>
    <testcase classname="tests/within/within-feature-collection-geojson" name="tests/within/within-feature-collection-geojson"/>
    <testcase classname="tests/within/paint-text" name="tests/within/paint-text"/>
    <testcase classname="tests/within/paint-line-with-simple-polygon" name="tests/within/paint-line-with-simple-polygon"/>
    <testcase classname="tests/within/paint-icon" name="tests/within/paint-icon"/>
    <testcase classname="tests/within/paint-circle" name="tests/within/paint-circle"/>
    <testcase classname="tests/within/layout-text" name="tests/within/layout-text"/>
    <testcase classname="tests/within/filter-with-inlined-geojson" name="tests/within/filter-with-inlined-geojson"/>
    <testcase classname="tests/visibility/zoom/was-below" name="tests/visibility/zoom/was-below"/>
    <testcase classname="tests/visibility/zoom/was-above" name="tests/visibility/zoom/was-above"/>
    <testcase classname="tests/visibility/zoom/out-of-range" name="tests/visibility/zoom/out-of-range"/>
    <testcase classname="tests/visibility/zoom/in-range" name="tests/visibility/zoom/in-range"/>
    <testcase classname="tests/visibility/zoom/below" name="tests/visibility/zoom/below"/>
    <testcase classname="tests/visibility/zoom/above" name="tests/visibility/zoom/above"/>
    <testcase classname="tests/visibility/text/visible" name="tests/visibility/text/visible"/>
    <testcase classname="tests/visibility/text/none" name="tests/visibility/text/none"/>
    <testcase classname="tests/visibility/symbol/visible" name="tests/visibility/symbol/visible"/>
    <testcase classname="tests/visibility/symbol/none" name="tests/visibility/symbol/none"/>
    <testcase classname="tests/visibility/raster/visible" name="tests/visibility/raster/visible"/>
    <testcase classname="tests/visibility/raster/none" name="tests/visibility/raster/none"/>
    <testcase classname="tests/visibility/line/visible" name="tests/visibility/line/visible"/>
    <testcase classname="tests/visibility/line/none" name="tests/visibility/line/none"/>
    <testcase classname="tests/visibility/icon/visible" name="tests/visibility/icon/visible"/>
    <testcase classname="tests/visibility/icon/none" name="tests/visibility/icon/none"/>
    <testcase classname="tests/visibility/hillshade/visible" name="tests/visibility/hillshade/visible"/>
    <testcase classname="tests/visibility/hillshade/none" name="tests/visibility/hillshade/none"/>
    <testcase classname="tests/visibility/heatmap/visible" name="tests/visibility/heatmap/visible"/>
    <testcase classname="tests/visibility/heatmap/none" name="tests/visibility/heatmap/none"/>
    <testcase classname="tests/visibility/global-state" name="tests/visibility/global-state"/>
    <testcase classname="tests/visibility/fill-extrusion/visible" name="tests/visibility/fill-extrusion/visible"/>
    <testcase classname="tests/visibility/fill-extrusion/none" name="tests/visibility/fill-extrusion/none"/>
    <testcase classname="tests/visibility/fill/visible" name="tests/visibility/fill/visible"/>
    <testcase classname="tests/visibility/fill/none" name="tests/visibility/fill/none"/>
    <testcase classname="tests/visibility/color-relief/visible" name="tests/visibility/color-relief/visible"/>
    <testcase classname="tests/visibility/color-relief/none" name="tests/visibility/color-relief/none"/>
    <testcase classname="tests/visibility/circle/visible" name="tests/visibility/circle/visible"/>
    <testcase classname="tests/visibility/circle/none" name="tests/visibility/circle/none"/>
    <testcase classname="tests/visibility/background/visible" name="tests/visibility/background/visible"/>
    <testcase classname="tests/visibility/background/none" name="tests/visibility/background/none"/>
    <testcase classname="tests/video/default" name="tests/video/default"/>
    <testcase classname="tests/tms/tms" name="tests/tms/tms"/>
    <testcase classname="tests/tilejson-bounds/overwrite-bounds" name="tests/tilejson-bounds/overwrite-bounds"/>
    <testcase classname="tests/tilejson-bounds/default" name="tests/tilejson-bounds/default"/>
    <testcase classname="tests/text-writing-mode/point_label/mixed-multiline-vertical-horizontal-mode-icon-text-fit" name="tests/text-writing-mode/point_label/mixed-multiline-vertical-horizontal-mode-icon-text-fit"/>
    <testcase classname="tests/text-writing-mode/point_label/mixed-multiline-vertical-horizontal-mode" name="tests/text-writing-mode/point_label/mixed-multiline-vertical-horizontal-mode"/>
    <testcase classname="tests/text-writing-mode/point_label/latin-vertical-mode" name="tests/text-writing-mode/point_label/latin-vertical-mode"/>
    <testcase classname="tests/text-writing-mode/point_label/cjk-vertical-mode" name="tests/text-writing-mode/point_label/cjk-vertical-mode"/>
    <testcase classname="tests/text-writing-mode/point_label/cjk-vertical-horizontal-mode" name="tests/text-writing-mode/point_label/cjk-vertical-horizontal-mode"/>
    <testcase classname="tests/text-writing-mode/point_label/cjk-variable-anchors-vertical-mode" name="tests/text-writing-mode/point_label/cjk-variable-anchors-vertical-mode"/>
    <testcase classname="tests/text-writing-mode/point_label/cjk-variable-anchors-vertical-horizontal-mode-icon-text-fit" name="tests/text-writing-mode/point_label/cjk-variable-anchors-vertical-horizontal-mode-icon-text-fit"/>
    <testcase classname="tests/text-writing-mode/point_label/cjk-variable-anchors-vertical-horizontal-mode" name="tests/text-writing-mode/point_label/cjk-variable-anchors-vertical-horizontal-mode"/>
    <testcase classname="tests/text-writing-mode/point_label/cjk-punctuation-vertical-mode" name="tests/text-writing-mode/point_label/cjk-punctuation-vertical-mode"/>
    <testcase classname="tests/text-writing-mode/point_label/cjk-multiline-vertical-horizontal-mode" name="tests/text-writing-mode/point_label/cjk-multiline-vertical-horizontal-mode"/>
    <testcase classname="tests/text-writing-mode/point_label/cjk-horizontal-vertical-mode" name="tests/text-writing-mode/point_label/cjk-horizontal-vertical-mode"/>
    <testcase classname="tests/text-writing-mode/point_label/cjk-arabic-vertical-mode" name="tests/text-writing-mode/point_label/cjk-arabic-vertical-mode"/>
    <testcase classname="tests/text-writing-mode/line_label/mixed" name="tests/text-writing-mode/line_label/mixed"/>
    <testcase classname="tests/text-writing-mode/line_label/latin" name="tests/text-writing-mode/line_label/latin"/>
    <testcase classname="tests/text-writing-mode/line_label/chinese-punctuation" name="tests/text-writing-mode/line_label/chinese-punctuation"/>
    <testcase classname="tests/text-writing-mode/line_label/chinese" name="tests/text-writing-mode/line_label/chinese"/>
    <testcase classname="tests/text-variable-anchor-offset/top-bottom-left-right" name="tests/text-variable-anchor-offset/top-bottom-left-right"/>
    <testcase classname="tests/text-variable-anchor-offset/text-allow-overlap" name="tests/text-variable-anchor-offset/text-allow-overlap"/>
    <testcase classname="tests/text-variable-anchor-offset/single-line" name="tests/text-variable-anchor-offset/single-line"/>
    <testcase classname="tests/text-variable-anchor-offset/single-justification" name="tests/text-variable-anchor-offset/single-justification"/>
    <testcase classname="tests/text-variable-anchor-offset/rotated-with-map" name="tests/text-variable-anchor-offset/rotated-with-map"/>
    <testcase classname="tests/text-variable-anchor-offset/rotated-offset" name="tests/text-variable-anchor-offset/rotated-offset"/>
    <testcase classname="tests/text-variable-anchor-offset/rotated" name="tests/text-variable-anchor-offset/rotated"/>
    <testcase classname="tests/text-variable-anchor-offset/pitched-with-map" name="tests/text-variable-anchor-offset/pitched-with-map"/>
    <testcase classname="tests/text-variable-anchor-offset/pitched-offset" name="tests/text-variable-anchor-offset/pitched-offset"/>
    <testcase classname="tests/text-variable-anchor-offset/pitched" name="tests/text-variable-anchor-offset/pitched"/>
    <testcase classname="tests/text-variable-anchor-offset/no-animate-zoom" name="tests/text-variable-anchor-offset/no-animate-zoom"/>
    <testcase classname="tests/text-variable-anchor-offset/icon-text-fit-collision-box" name="tests/text-variable-anchor-offset/icon-text-fit-collision-box"/>
    <testcase classname="tests/text-variable-anchor-offset/icon-image-offset" name="tests/text-variable-anchor-offset/icon-image-offset"/>
    <testcase classname="tests/text-variable-anchor-offset/icon-image-all-anchors" name="tests/text-variable-anchor-offset/icon-image-all-anchors"/>
    <testcase classname="tests/text-variable-anchor-offset/icon-image" name="tests/text-variable-anchor-offset/icon-image"/>
    <testcase classname="tests/text-variable-anchor-offset/all-anchors-text-allow-overlap" name="tests/text-variable-anchor-offset/all-anchors-text-allow-overlap"/>
    <testcase classname="tests/text-variable-anchor-offset/all-anchors-icon-text-fit" name="tests/text-variable-anchor-offset/all-anchors-icon-text-fit"/>
    <testcase classname="tests/text-variable-anchor-offset/all-anchors" name="tests/text-variable-anchor-offset/all-anchors"/>
    <testcase classname="tests/text-variable-anchor/translate-variants/rotated" name="tests/text-variable-anchor/translate-variants/rotated"/>
    <testcase classname="tests/text-variable-anchor/translate-variants/pitched-and-rotated" name="tests/text-variable-anchor/translate-variants/pitched-and-rotated"/>
    <testcase classname="tests/text-variable-anchor/translate-variants/pitched" name="tests/text-variable-anchor/translate-variants/pitched"/>
    <testcase classname="tests/text-variable-anchor/translate-variants/base" name="tests/text-variable-anchor/translate-variants/base"/>
    <testcase classname="tests/text-variable-anchor/top-bottom-left-right" name="tests/text-variable-anchor/top-bottom-left-right"/>
    <testcase classname="tests/text-variable-anchor/text-translate" name="tests/text-variable-anchor/text-translate"/>
    <testcase classname="tests/text-variable-anchor/text-allow-overlap" name="tests/text-variable-anchor/text-allow-overlap"/>
    <testcase classname="tests/text-variable-anchor/single-line" name="tests/text-variable-anchor/single-line"/>
    <testcase classname="tests/text-variable-anchor/single-justification" name="tests/text-variable-anchor/single-justification"/>
    <testcase classname="tests/text-variable-anchor/rotated-with-map" name="tests/text-variable-anchor/rotated-with-map"/>
    <testcase classname="tests/text-variable-anchor/rotated-offset" name="tests/text-variable-anchor/rotated-offset"/>
    <testcase classname="tests/text-variable-anchor/rotated" name="tests/text-variable-anchor/rotated"/>
    <testcase classname="tests/text-variable-anchor/pitched-with-map" name="tests/text-variable-anchor/pitched-with-map"/>
    <testcase classname="tests/text-variable-anchor/pitched-rotated-debug" name="tests/text-variable-anchor/pitched-rotated-debug"/>
    <testcase classname="tests/text-variable-anchor/pitched-offset" name="tests/text-variable-anchor/pitched-offset"/>
    <testcase classname="tests/text-variable-anchor/pitched" name="tests/text-variable-anchor/pitched"/>
    <testcase classname="tests/text-variable-anchor/no-animate-zoom" name="tests/text-variable-anchor/no-animate-zoom"/>
    <testcase classname="tests/text-variable-anchor/icon-text-fit-collision-box" name="tests/text-variable-anchor/icon-text-fit-collision-box"/>
    <testcase classname="tests/text-variable-anchor/icon-image-all-anchors" name="tests/text-variable-anchor/icon-image-all-anchors"/>
    <testcase classname="tests/text-variable-anchor/icon-image" name="tests/text-variable-anchor/icon-image"/>
    <testcase classname="tests/text-variable-anchor/all-anchors-two-dimentional-offset-zero" name="tests/text-variable-anchor/all-anchors-two-dimentional-offset-zero"/>
    <testcase classname="tests/text-variable-anchor/all-anchors-two-dimentional-offset-negative" name="tests/text-variable-anchor/all-anchors-two-dimentional-offset-negative"/>
    <testcase classname="tests/text-variable-anchor/all-anchors-two-dimentional-offset" name="tests/text-variable-anchor/all-anchors-two-dimentional-offset"/>
    <testcase classname="tests/text-variable-anchor/all-anchors-text-allow-overlap" name="tests/text-variable-anchor/all-anchors-text-allow-overlap"/>
    <testcase classname="tests/text-variable-anchor/all-anchors-radial-offset-zero" name="tests/text-variable-anchor/all-anchors-radial-offset-zero"/>
    <testcase classname="tests/text-variable-anchor/all-anchors-offset-zero" name="tests/text-variable-anchor/all-anchors-offset-zero"/>
    <testcase classname="tests/text-variable-anchor/all-anchors-offset" name="tests/text-variable-anchor/all-anchors-offset"/>
    <testcase classname="tests/text-variable-anchor/all-anchors-icon-text-fit" name="tests/text-variable-anchor/all-anchors-icon-text-fit"/>
    <testcase classname="tests/text-variable-anchor/all-anchors" name="tests/text-variable-anchor/all-anchors"/>
    <testcase classname="tests/text-translate-anchor/viewport" name="tests/text-translate-anchor/viewport"/>
    <testcase classname="tests/text-translate-anchor/rotation-alignment-viewport/pitch-alignment-viewport/text-translate-anchor-viewport" name="tests/text-translate-anchor/rotation-alignment-viewport/pitch-alignment-viewport/text-translate-anchor-viewport"/>
    <testcase classname="tests/text-translate-anchor/rotation-alignment-viewport/pitch-alignment-viewport/text-translate-anchor-map" name="tests/text-translate-anchor/rotation-alignment-viewport/pitch-alignment-viewport/text-translate-anchor-map"/>
    <testcase classname="tests/text-translate-anchor/rotation-alignment-viewport/pitch-alignment-map/text-translate-anchor-viewport" name="tests/text-translate-anchor/rotation-alignment-viewport/pitch-alignment-map/text-translate-anchor-viewport"/>
    <testcase classname="tests/text-translate-anchor/rotation-alignment-viewport/pitch-alignment-map/text-translate-anchor-map" name="tests/text-translate-anchor/rotation-alignment-viewport/pitch-alignment-map/text-translate-anchor-map"/>
    <testcase classname="tests/text-translate-anchor/rotation-alignment-map/pitch-alignment-viewport/text-translate-anchor-viewport" name="tests/text-translate-anchor/rotation-alignment-map/pitch-alignment-viewport/text-translate-anchor-viewport"/>
    <testcase classname="tests/text-translate-anchor/rotation-alignment-map/pitch-alignment-viewport/text-translate-anchor-map" name="tests/text-translate-anchor/rotation-alignment-map/pitch-alignment-viewport/text-translate-anchor-map"/>
    <testcase classname="tests/text-translate-anchor/rotation-alignment-map/pitch-alignment-map/text-translate-anchor-viewport" name="tests/text-translate-anchor/rotation-alignment-map/pitch-alignment-map/text-translate-anchor-viewport"/>
    <testcase classname="tests/text-translate-anchor/rotation-alignment-map/pitch-alignment-map/text-translate-anchor-map" name="tests/text-translate-anchor/rotation-alignment-map/pitch-alignment-map/text-translate-anchor-map"/>
    <testcase classname="tests/text-translate-anchor/map" name="tests/text-translate-anchor/map"/>
    <testcase classname="tests/text-translate/literal" name="tests/text-translate/literal"/>
    <testcase classname="tests/text-translate/function" name="tests/text-translate/function"/>
    <testcase classname="tests/text-translate/default" name="tests/text-translate/default"/>
    <testcase classname="tests/text-transform/uppercase" name="tests/text-transform/uppercase"/>
    <testcase classname="tests/text-transform/property-function" name="tests/text-transform/property-function"/>
    <testcase classname="tests/text-transform/lowercase" name="tests/text-transform/lowercase"/>
    <testcase classname="tests/text-tile-edge-clipping/default" name="tests/text-tile-edge-clipping/default"/>
    <testcase classname="tests/text-size/property-function" name="tests/text-size/property-function"/>
    <testcase classname="tests/text-size/nan" name="tests/text-size/nan"/>
    <testcase classname="tests/text-size/literal" name="tests/text-size/literal"/>
    <testcase classname="tests/text-size/global-state" name="tests/text-size/global-state"/>
    <testcase classname="tests/text-size/function" name="tests/text-size/function"/>
    <testcase classname="tests/text-size/default" name="tests/text-size/default"/>
    <testcase classname="tests/text-size/composite-function-line-placement" name="tests/text-size/composite-function-line-placement"/>
    <testcase classname="tests/text-size/composite-function" name="tests/text-size/composite-function"/>
    <testcase classname="tests/text-size/composite-expression" name="tests/text-size/composite-expression"/>
    <testcase classname="tests/text-size/camera-function-interval" name="tests/text-size/camera-function-interval"/>
    <testcase classname="tests/text-size/camera-function-high-base" name="tests/text-size/camera-function-high-base"/>
    <testcase classname="tests/text-rotation-alignment/viewport-symbol-placement-point" name="tests/text-rotation-alignment/viewport-symbol-placement-point"/>
    <testcase classname="tests/text-rotation-alignment/viewport-symbol-placement-line" name="tests/text-rotation-alignment/viewport-symbol-placement-line"/>
    <testcase classname="tests/text-rotation-alignment/viewport-glyph-symbol-placement-point" name="tests/text-rotation-alignment/viewport-glyph-symbol-placement-point"/>
    <testcase classname="tests/text-rotation-alignment/viewport-glyph-symbol-placement-line" name="tests/text-rotation-alignment/viewport-glyph-symbol-placement-line"/>
    <testcase classname="tests/text-rotation-alignment/map-symbol-placement-point" name="tests/text-rotation-alignment/map-symbol-placement-point"/>
    <testcase classname="tests/text-rotation-alignment/map-symbol-placement-line" name="tests/text-rotation-alignment/map-symbol-placement-line"/>
    <testcase classname="tests/text-rotation-alignment/auto-symbol-placement-point" name="tests/text-rotation-alignment/auto-symbol-placement-point"/>
    <testcase classname="tests/text-rotation-alignment/auto-symbol-placement-line" name="tests/text-rotation-alignment/auto-symbol-placement-line"/>
    <testcase classname="tests/text-rotate/with-offset" name="tests/text-rotate/with-offset"/>
    <testcase classname="tests/text-rotate/property-function" name="tests/text-rotate/property-function"/>
    <testcase classname="tests/text-rotate/literal" name="tests/text-rotate/literal"/>
    <testcase classname="tests/text-rotate/function" name="tests/text-rotate/function"/>
    <testcase classname="tests/text-rotate/anchor-top" name="tests/text-rotate/anchor-top"/>
    <testcase classname="tests/text-rotate/anchor-right" name="tests/text-rotate/anchor-right"/>
    <testcase classname="tests/text-rotate/anchor-left" name="tests/text-rotate/anchor-left"/>
    <testcase classname="tests/text-rotate/anchor-bottom" name="tests/text-rotate/anchor-bottom"/>
    <testcase classname="tests/text-roll-alignment/viewport-symbol-placement-point" name="tests/text-roll-alignment/viewport-symbol-placement-point"/>
    <testcase classname="tests/text-roll-alignment/viewport-symbol-placement-line" name="tests/text-roll-alignment/viewport-symbol-placement-line"/>
    <testcase classname="tests/text-roll-alignment/viewport-glyph-symbol-placement-point" name="tests/text-roll-alignment/viewport-glyph-symbol-placement-point"/>
    <testcase classname="tests/text-roll-alignment/viewport-glyph-symbol-placement-line" name="tests/text-roll-alignment/viewport-glyph-symbol-placement-line"/>
    <testcase classname="tests/text-roll-alignment/map-symbol-placement-point" name="tests/text-roll-alignment/map-symbol-placement-point"/>
    <testcase classname="tests/text-roll-alignment/map-symbol-placement-line" name="tests/text-roll-alignment/map-symbol-placement-line"/>
    <testcase classname="tests/text-roll-alignment/auto-symbol-placement-point" name="tests/text-roll-alignment/auto-symbol-placement-point"/>
    <testcase classname="tests/text-roll-alignment/auto-symbol-placement-line" name="tests/text-roll-alignment/auto-symbol-placement-line"/>
    <testcase classname="tests/text-radial-offset/basic" name="tests/text-radial-offset/basic"/>
    <testcase classname="tests/text-pitch-scaling/line-half-roll" name="tests/text-pitch-scaling/line-half-roll"/>
    <testcase classname="tests/text-pitch-scaling/line-half" name="tests/text-pitch-scaling/line-half"/>
    <testcase classname="tests/text-pitch-alignment/viewport-text-rotation-alignment-viewport" name="tests/text-pitch-alignment/viewport-text-rotation-alignment-viewport"/>
    <testcase classname="tests/text-pitch-alignment/viewport-text-rotation-alignment-map" name="tests/text-pitch-alignment/viewport-text-rotation-alignment-map"/>
    <testcase classname="tests/text-pitch-alignment/viewport-text-depthtest" name="tests/text-pitch-alignment/viewport-text-depthtest"/>
    <testcase classname="tests/text-pitch-alignment/viewport-overzoomed-single-glyph" name="tests/text-pitch-alignment/viewport-overzoomed-single-glyph"/>
    <testcase classname="tests/text-pitch-alignment/viewport-overzoomed" name="tests/text-pitch-alignment/viewport-overzoomed"/>
    <testcase classname="tests/text-pitch-alignment/map-text-rotation-alignment-viewport-debug" name="tests/text-pitch-alignment/map-text-rotation-alignment-viewport-debug"/>
    <testcase classname="tests/text-pitch-alignment/map-text-rotation-alignment-viewport" name="tests/text-pitch-alignment/map-text-rotation-alignment-viewport"/>
    <testcase classname="tests/text-pitch-alignment/map-text-rotation-alignment-map" name="tests/text-pitch-alignment/map-text-rotation-alignment-map"/>
    <testcase classname="tests/text-pitch-alignment/map-text-depthtest" name="tests/text-pitch-alignment/map-text-depthtest"/>
    <testcase classname="tests/text-pitch-alignment/auto-text-rotation-alignment-viewport-glyph" name="tests/text-pitch-alignment/auto-text-rotation-alignment-viewport-glyph"/>
    <testcase classname="tests/text-pitch-alignment/auto-text-rotation-alignment-viewport" name="tests/text-pitch-alignment/auto-text-rotation-alignment-viewport"/>
    <testcase classname="tests/text-pitch-alignment/auto-text-rotation-alignment-map" name="tests/text-pitch-alignment/auto-text-rotation-alignment-map"/>
    <testcase classname="tests/text-overlap/never" name="tests/text-overlap/never"/>
    <testcase classname="tests/text-overlap/default" name="tests/text-overlap/default"/>
    <testcase classname="tests/text-overlap/cooperative" name="tests/text-overlap/cooperative"/>
    <testcase classname="tests/text-overlap/always" name="tests/text-overlap/always"/>
    <testcase classname="tests/text-opacity/property-function" name="tests/text-opacity/property-function"/>
    <testcase classname="tests/text-opacity/literal" name="tests/text-opacity/literal"/>
    <testcase classname="tests/text-opacity/function" name="tests/text-opacity/function"/>
    <testcase classname="tests/text-opacity/default" name="tests/text-opacity/default"/>
    <testcase classname="tests/text-offset/property-function" name="tests/text-offset/property-function"/>
    <testcase classname="tests/text-offset/literal-multiline-anchorright-justifyright-offsetpositive" name="tests/text-offset/literal-multiline-anchorright-justifyright-offsetpositive"/>
    <testcase classname="tests/text-offset/literal-multiline-anchorright-justifyright-offsetnegative" name="tests/text-offset/literal-multiline-anchorright-justifyright-offsetnegative"/>
    <testcase classname="tests/text-offset/literal-multiline-anchorright-justifyleft-offsetpositive" name="tests/text-offset/literal-multiline-anchorright-justifyleft-offsetpositive"/>
    <testcase classname="tests/text-offset/literal-multiline-anchorright-justifyleft-offsetnegative" name="tests/text-offset/literal-multiline-anchorright-justifyleft-offsetnegative"/>
    <testcase classname="tests/text-offset/literal-multiline-anchorright-justifycenter-offsetpositive" name="tests/text-offset/literal-multiline-anchorright-justifycenter-offsetpositive"/>
    <testcase classname="tests/text-offset/literal-multiline-anchorright-justifycenter-offsetnegative" name="tests/text-offset/literal-multiline-anchorright-justifycenter-offsetnegative"/>
    <testcase classname="tests/text-offset/literal-multiline-anchorleft-justifyright-offsetpositive" name="tests/text-offset/literal-multiline-anchorleft-justifyright-offsetpositive"/>
    <testcase classname="tests/text-offset/literal-multiline-anchorleft-justifyright-offsetnegative" name="tests/text-offset/literal-multiline-anchorleft-justifyright-offsetnegative"/>
    <testcase classname="tests/text-offset/literal-multiline-anchorleft-justifyleft-offsetpositive" name="tests/text-offset/literal-multiline-anchorleft-justifyleft-offsetpositive"/>
    <testcase classname="tests/text-offset/literal-multiline-anchorleft-justifyleft-offsetnegative" name="tests/text-offset/literal-multiline-anchorleft-justifyleft-offsetnegative"/>
    <testcase classname="tests/text-offset/literal-multiline-anchorleft-justifycenter-offsetpositive" name="tests/text-offset/literal-multiline-anchorleft-justifycenter-offsetpositive"/>
    <testcase classname="tests/text-offset/literal-multiline-anchorleft-justifycenter-offsetnegative" name="tests/text-offset/literal-multiline-anchorleft-justifycenter-offsetnegative"/>
    <testcase classname="tests/text-offset/literal-multiline-anchorcenter-justifyright-offsetpositive" name="tests/text-offset/literal-multiline-anchorcenter-justifyright-offsetpositive"/>
    <testcase classname="tests/text-offset/literal-multiline-anchorcenter-justifyright-offsetnegative" name="tests/text-offset/literal-multiline-anchorcenter-justifyright-offsetnegative"/>
    <testcase classname="tests/text-offset/literal-multiline-anchorcenter-justifyleft-offsetpositive" name="tests/text-offset/literal-multiline-anchorcenter-justifyleft-offsetpositive"/>
    <testcase classname="tests/text-offset/literal-multiline-anchorcenter-justifyleft-offsetnegative" name="tests/text-offset/literal-multiline-anchorcenter-justifyleft-offsetnegative"/>
    <testcase classname="tests/text-offset/literal-multiline-anchorcenter-justifycenter-offsetpositive" name="tests/text-offset/literal-multiline-anchorcenter-justifycenter-offsetpositive"/>
    <testcase classname="tests/text-offset/literal-multiline-anchorcenter-justifycenter-offsetnegative" name="tests/text-offset/literal-multiline-anchorcenter-justifycenter-offsetnegative"/>
    <testcase classname="tests/text-offset/literal" name="tests/text-offset/literal"/>
    <testcase classname="tests/text-offset/line-sharp-outside-center" name="tests/text-offset/line-sharp-outside-center"/>
    <testcase classname="tests/text-offset/line-sharp-outside" name="tests/text-offset/line-sharp-outside"/>
    <testcase classname="tests/text-offset/line-sharp-inside-center" name="tests/text-offset/line-sharp-inside-center"/>
    <testcase classname="tests/text-offset/line-sharp-inside" name="tests/text-offset/line-sharp-inside"/>
    <testcase classname="tests/text-offset/line-convex" name="tests/text-offset/line-convex"/>
    <testcase classname="tests/text-offset/line-concave" name="tests/text-offset/line-concave"/>
    <testcase classname="tests/text-offset/line-collision" name="tests/text-offset/line-collision"/>
    <testcase classname="tests/text-no-cross-source-collision/default" name="tests/text-no-cross-source-collision/default"/>
    <testcase classname="tests/text-max-width/zoom-and-property-function" name="tests/text-max-width/zoom-and-property-function"/>
    <testcase classname="tests/text-max-width/zero-width-point-placement" name="tests/text-max-width/zero-width-point-placement"/>
    <testcase classname="tests/text-max-width/zero-width-line-placement" name="tests/text-max-width/zero-width-line-placement"/>
    <testcase classname="tests/text-max-width/zero-width-line-center-placement" name="tests/text-max-width/zero-width-line-center-placement"/>
    <testcase classname="tests/text-max-width/property-function" name="tests/text-max-width/property-function"/>
    <testcase classname="tests/text-max-width/literal" name="tests/text-max-width/literal"/>
    <testcase classname="tests/text-max-width/ideographic-punctuation-breaking" name="tests/text-max-width/ideographic-punctuation-breaking"/>
    <testcase classname="tests/text-max-width/ideographic-breaking" name="tests/text-max-width/ideographic-breaking"/>
    <testcase classname="tests/text-max-width/force-newline-line-center" name="tests/text-max-width/force-newline-line-center"/>
    <testcase classname="tests/text-max-width/force-newline-line" name="tests/text-max-width/force-newline-line"/>
    <testcase classname="tests/text-max-width/force-newline" name="tests/text-max-width/force-newline"/>
    <testcase classname="tests/text-max-width/force-double-newline" name="tests/text-max-width/force-double-newline"/>
    <testcase classname="tests/text-max-angle/literal" name="tests/text-max-angle/literal"/>
    <testcase classname="tests/text-max-angle/line-center" name="tests/text-max-angle/line-center"/>
    <testcase classname="tests/text-line-height/literal" name="tests/text-line-height/literal"/>
    <testcase classname="tests/text-letter-spacing/zoom-and-property-function" name="tests/text-letter-spacing/zoom-and-property-function"/>
    <testcase classname="tests/text-letter-spacing/property-function" name="tests/text-letter-spacing/property-function"/>
    <testcase classname="tests/text-letter-spacing/literal" name="tests/text-letter-spacing/literal"/>
    <testcase classname="tests/text-letter-spacing/function-far" name="tests/text-letter-spacing/function-far"/>
    <testcase classname="tests/text-letter-spacing/function-close" name="tests/text-letter-spacing/function-close"/>
    <testcase classname="tests/text-keep-upright/point-placement-align-viewport-true" name="tests/text-keep-upright/point-placement-align-viewport-true"/>
    <testcase classname="tests/text-keep-upright/point-placement-align-viewport-false" name="tests/text-keep-upright/point-placement-align-viewport-false"/>
    <testcase classname="tests/text-keep-upright/point-placement-align-map-true" name="tests/text-keep-upright/point-placement-align-map-true"/>
    <testcase classname="tests/text-keep-upright/point-placement-align-map-false" name="tests/text-keep-upright/point-placement-align-map-false"/>
    <testcase classname="tests/text-keep-upright/line-placement-true-text-anchor" name="tests/text-keep-upright/line-placement-true-text-anchor"/>
    <testcase classname="tests/text-keep-upright/line-placement-true-rotated" name="tests/text-keep-upright/line-placement-true-rotated"/>
    <testcase classname="tests/text-keep-upright/line-placement-true-rolled" name="tests/text-keep-upright/line-placement-true-rolled"/>
    <testcase classname="tests/text-keep-upright/line-placement-true-roll-pitch-bearing" name="tests/text-keep-upright/line-placement-true-roll-pitch-bearing"/>
    <testcase classname="tests/text-keep-upright/line-placement-true-pitched" name="tests/text-keep-upright/line-placement-true-pitched"/>
    <testcase classname="tests/text-keep-upright/line-placement-true-offset" name="tests/text-keep-upright/line-placement-true-offset"/>
    <testcase classname="tests/text-keep-upright/line-placement-true" name="tests/text-keep-upright/line-placement-true"/>
    <testcase classname="tests/text-keep-upright/line-placement-false" name="tests/text-keep-upright/line-placement-false"/>
    <testcase classname="tests/text-justify/right" name="tests/text-justify/right"/>
    <testcase classname="tests/text-justify/property-function" name="tests/text-justify/property-function"/>
    <testcase classname="tests/text-justify/left" name="tests/text-justify/left"/>
    <testcase classname="tests/text-justify/auto" name="tests/text-justify/auto"/>
    <testcase classname="tests/text-halo-width/property-function" name="tests/text-halo-width/property-function"/>
    <testcase classname="tests/text-halo-width/literal" name="tests/text-halo-width/literal"/>
    <testcase classname="tests/text-halo-width/function" name="tests/text-halo-width/function"/>
    <testcase classname="tests/text-halo-width/default" name="tests/text-halo-width/default"/>
    <testcase classname="tests/text-halo-color/property-function" name="tests/text-halo-color/property-function"/>
    <testcase classname="tests/text-halo-color/literal" name="tests/text-halo-color/literal"/>
    <testcase classname="tests/text-halo-color/function" name="tests/text-halo-color/function"/>
    <testcase classname="tests/text-halo-color/default" name="tests/text-halo-color/default"/>
    <testcase classname="tests/text-halo-blur/property-function" name="tests/text-halo-blur/property-function"/>
    <testcase classname="tests/text-halo-blur/literal" name="tests/text-halo-blur/literal"/>
    <testcase classname="tests/text-halo-blur/function" name="tests/text-halo-blur/function"/>
    <testcase classname="tests/text-halo-blur/default" name="tests/text-halo-blur/default"/>
    <testcase classname="tests/text-font/literal" name="tests/text-font/literal"/>
    <testcase classname="tests/text-font/data-expression" name="tests/text-font/data-expression"/>
    <testcase classname="tests/text-font/chinese" name="tests/text-font/chinese"/>
    <testcase classname="tests/text-font/camera-function" name="tests/text-font/camera-function"/>
    <testcase classname="tests/text-font/alphabet-cjk" name="tests/text-font/alphabet-cjk"/>
    <testcase classname="tests/text-field/token" name="tests/text-field/token"/>
    <testcase classname="tests/text-field/property-function" name="tests/text-field/property-function"/>
    <testcase classname="tests/text-field/literal" name="tests/text-field/literal"/>
    <testcase classname="tests/text-field/global-state" name="tests/text-field/global-state"/>
    <testcase classname="tests/text-field/formatted-within-step-zoom" name="tests/text-field/formatted-within-step-zoom"/>
    <testcase classname="tests/text-field/formatted-vertical-align-vertical-text" name="tests/text-field/formatted-vertical-align-vertical-text"/>
    <testcase classname="tests/text-field/formatted-vertical-align-line" name="tests/text-field/formatted-vertical-align-line"/>
    <testcase classname="tests/text-field/formatted-vertical-align" name="tests/text-field/formatted-vertical-align"/>
    <testcase classname="tests/text-field/formatted-text-color-overrides-nested-expression" name="tests/text-field/formatted-text-color-overrides-nested-expression"/>
    <testcase classname="tests/text-field/formatted-text-color-overrides" name="tests/text-field/formatted-text-color-overrides"/>
    <testcase classname="tests/text-field/formatted-text-color" name="tests/text-field/formatted-text-color"/>
    <testcase classname="tests/text-field/formatted-line" name="tests/text-field/formatted-line"/>
    <testcase classname="tests/text-field/formatted-images-zoom-dependent-size" name="tests/text-field/formatted-images-zoom-dependent-size"/>
    <testcase classname="tests/text-field/formatted-images-vertical" name="tests/text-field/formatted-images-vertical"/>
    <testcase classname="tests/text-field/formatted-images-variable-anchors-justification" name="tests/text-field/formatted-images-variable-anchors-justification"/>
    <testcase classname="tests/text-field/formatted-images-multiline" name="tests/text-field/formatted-images-multiline"/>
    <testcase classname="tests/text-field/formatted-images-mixed" name="tests/text-field/formatted-images-mixed"/>
    <testcase classname="tests/text-field/formatted-images-line" name="tests/text-field/formatted-images-line"/>
    <testcase classname="tests/text-field/formatted-images-constant-size" name="tests/text-field/formatted-images-constant-size"/>
    <testcase classname="tests/text-field/formatted-images" name="tests/text-field/formatted-images"/>
    <testcase classname="tests/text-field/formatted-arabic" name="tests/text-field/formatted-arabic"/>
    <testcase classname="tests/text-field/formatted" name="tests/text-field/formatted"/>
    <testcase classname="tests/text-color/transparent" name="tests/text-color/transparent"/>
    <testcase classname="tests/text-color/translucent" name="tests/text-color/translucent"/>
    <testcase classname="tests/text-color/property-function" name="tests/text-color/property-function"/>
    <testcase classname="tests/text-color/literal" name="tests/text-color/literal"/>
    <testcase classname="tests/text-color/global-state-with-get" name="tests/text-color/global-state-with-get"/>
    <testcase classname="tests/text-color/global-state" name="tests/text-color/global-state"/>
    <testcase classname="tests/text-color/function" name="tests/text-color/function"/>
    <testcase classname="tests/text-color/default" name="tests/text-color/default"/>
    <testcase classname="tests/text-breaking/whitespace" name="tests/text-breaking/whitespace"/>
    <testcase classname="tests/text-breaking/left-parenthesis" name="tests/text-breaking/left-parenthesis"/>
    <testcase classname="tests/text-arabic/multi-paragraph" name="tests/text-arabic/multi-paragraph"/>
    <testcase classname="tests/text-arabic/mixed-numeric" name="tests/text-arabic/mixed-numeric"/>
    <testcase classname="tests/text-arabic/line-break-mixed" name="tests/text-arabic/line-break-mixed"/>
    <testcase classname="tests/text-arabic/line-break" name="tests/text-arabic/line-break"/>
    <testcase classname="tests/text-arabic/letter-spacing" name="tests/text-arabic/letter-spacing"/>
    <testcase classname="tests/text-anchor/top-right" name="tests/text-anchor/top-right"/>
    <testcase classname="tests/text-anchor/top-left" name="tests/text-anchor/top-left"/>
    <testcase classname="tests/text-anchor/top" name="tests/text-anchor/top"/>
    <testcase classname="tests/text-anchor/right" name="tests/text-anchor/right"/>
    <testcase classname="tests/text-anchor/property-function" name="tests/text-anchor/property-function"/>
    <testcase classname="tests/text-anchor/left" name="tests/text-anchor/left"/>
    <testcase classname="tests/text-anchor/center" name="tests/text-anchor/center"/>
    <testcase classname="tests/text-anchor/bottom-right" name="tests/text-anchor/bottom-right"/>
    <testcase classname="tests/text-anchor/bottom-left" name="tests/text-anchor/bottom-left"/>
    <testcase classname="tests/text-anchor/bottom" name="tests/text-anchor/bottom"/>
    <testcase classname="tests/terrain-shading/default" name="tests/terrain-shading/default"/>
    <testcase classname="tests/terrain/tile-transparency-overlap-line" name="tests/terrain/tile-transparency-overlap-line"/>
    <testcase classname="tests/terrain/tile-transparency-overlap-fill" name="tests/terrain/tile-transparency-overlap-fill"/>
    <testcase classname="tests/terrain/tile-stiching" name="tests/terrain/tile-stiching"/>
    <testcase classname="tests/terrain/symbol-line" name="tests/terrain/symbol-line"/>
    <testcase classname="tests/terrain/symbol-add-terrain" name="tests/terrain/symbol-add-terrain"/>
    <testcase classname="tests/terrain/symbol" name="tests/terrain/symbol"/>
    <testcase classname="tests/terrain/pitched-world" name="tests/terrain/pitched-world"/>
    <testcase classname="tests/terrain/image-wrap-lower-zl" name="tests/terrain/image-wrap-lower-zl"/>
    <testcase classname="tests/terrain/image-wrap-higher-zl" name="tests/terrain/image-wrap-higher-zl"/>
    <testcase classname="tests/terrain/image-wrap-eq-zl" name="tests/terrain/image-wrap-eq-zl"/>
    <testcase classname="tests/terrain/image" name="tests/terrain/image"/>
    <testcase classname="tests/terrain/heatmap" name="tests/terrain/heatmap"/>
    <testcase classname="tests/terrain/fog-sky-blend-roll" name="tests/terrain/fog-sky-blend-roll"/>
    <testcase classname="tests/terrain/fog-sky-blend-globe" name="tests/terrain/fog-sky-blend-globe"/>
    <testcase classname="tests/terrain/fog-sky-blend" name="tests/terrain/fog-sky-blend"/>
    <testcase classname="tests/terrain/fog-no-sky-blend-roll" name="tests/terrain/fog-no-sky-blend-roll"/>
    <testcase classname="tests/terrain/fog-no-sky-blend" name="tests/terrain/fog-no-sky-blend"/>
    <testcase classname="tests/terrain/fog" name="tests/terrain/fog"/>
    <testcase classname="tests/terrain/fill-extrusion-multipolygon" name="tests/terrain/fill-extrusion-multipolygon"/>
    <testcase classname="tests/terrain/fill-extrusion-multiple" name="tests/terrain/fill-extrusion-multiple"/>
    <testcase classname="tests/terrain/field-of-view-number" name="tests/terrain/field-of-view-number"/>
    <testcase classname="tests/terrain/field-of-view" name="tests/terrain/field-of-view"/>
    <testcase classname="tests/terrain/default" name="tests/terrain/default"/>
    <testcase classname="tests/symbol-z-order/viewport-y" name="tests/symbol-z-order/viewport-y"/>
    <testcase classname="tests/symbol-z-order/pitched" name="tests/symbol-z-order/pitched"/>
    <testcase classname="tests/symbol-z-order/icon-with-text" name="tests/symbol-z-order/icon-with-text"/>
    <testcase classname="tests/symbol-z-order/disabled" name="tests/symbol-z-order/disabled"/>
    <testcase classname="tests/symbol-z-order/default" name="tests/symbol-z-order/default"/>
    <testcase classname="tests/symbol-spacing/point-far" name="tests/symbol-spacing/point-far"/>
    <testcase classname="tests/symbol-spacing/point-close" name="tests/symbol-spacing/point-close"/>
    <testcase classname="tests/symbol-spacing/line-overscaled" name="tests/symbol-spacing/line-overscaled"/>
    <testcase classname="tests/symbol-spacing/line-far" name="tests/symbol-spacing/line-far"/>
    <testcase classname="tests/symbol-spacing/line-close" name="tests/symbol-spacing/line-close"/>
    <testcase classname="tests/symbol-sort-key/text-placement" name="tests/symbol-sort-key/text-placement"/>
    <testcase classname="tests/symbol-sort-key/text-expression" name="tests/symbol-sort-key/text-expression"/>
    <testcase classname="tests/symbol-sort-key/placement-tile-boundary-right-then-left" name="tests/symbol-sort-key/placement-tile-boundary-right-then-left"/>
    <testcase classname="tests/symbol-sort-key/placement-tile-boundary-left-then-right" name="tests/symbol-sort-key/placement-tile-boundary-left-then-right"/>
    <testcase classname="tests/symbol-sort-key/icon-expression" name="tests/symbol-sort-key/icon-expression"/>
    <testcase classname="tests/symbol-placement/point-polygon-high-zoom" name="tests/symbol-placement/point-polygon-high-zoom"/>
    <testcase classname="tests/symbol-placement/point-polygon" name="tests/symbol-placement/point-polygon"/>
    <testcase classname="tests/symbol-placement/point" name="tests/symbol-placement/point"/>
    <testcase classname="tests/symbol-placement/line-overscaled-debug" name="tests/symbol-placement/line-overscaled-debug"/>
    <testcase classname="tests/symbol-placement/line-overscaled" name="tests/symbol-placement/line-overscaled"/>
    <testcase classname="tests/symbol-placement/line-overlap" name="tests/symbol-placement/line-overlap"/>
    <testcase classname="tests/symbol-placement/line-center-upperright" name="tests/symbol-placement/line-center-upperright"/>
    <testcase classname="tests/symbol-placement/line-center-buffer" name="tests/symbol-placement/line-center-buffer"/>
    <testcase classname="tests/symbol-placement/line-center" name="tests/symbol-placement/line-center"/>
    <testcase classname="tests/symbol-placement/line" name="tests/symbol-placement/line"/>
    <testcase classname="tests/symbol-geometry/polygon" name="tests/symbol-geometry/polygon"/>
    <testcase classname="tests/symbol-geometry/point" name="tests/symbol-geometry/point"/>
    <testcase classname="tests/symbol-geometry/multipolygon" name="tests/symbol-geometry/multipolygon"/>
    <testcase classname="tests/symbol-geometry/multipoint" name="tests/symbol-geometry/multipoint"/>
    <testcase classname="tests/symbol-geometry/multilinestring" name="tests/symbol-geometry/multilinestring"/>
    <testcase classname="tests/symbol-geometry/linestring" name="tests/symbol-geometry/linestring"/>
    <testcase classname="tests/symbol-cross-fade/chinese-no-fading-Initial-load" name="tests/symbol-cross-fade/chinese-no-fading-Initial-load"/>
    <testcase classname="tests/symbol-cross-fade/chinese-fading-after-initial-load" name="tests/symbol-cross-fade/chinese-fading-after-initial-load"/>
    <testcase classname="tests/sprites/array-multiple" name="tests/sprites/array-multiple"/>
    <testcase classname="tests/sprites/array-default-only" name="tests/sprites/array-default-only"/>
    <testcase classname="tests/sprites/2x-screen-2x-pattern" name="tests/sprites/2x-screen-2x-pattern"/>
    <testcase classname="tests/sprites/2x-screen-2x-icon" name="tests/sprites/2x-screen-2x-icon"/>
    <testcase classname="tests/sprites/2x-screen-1x-pattern" name="tests/sprites/2x-screen-1x-pattern"/>
    <testcase classname="tests/sprites/2x-screen-1x-icon" name="tests/sprites/2x-screen-1x-icon"/>
    <testcase classname="tests/sprites/1x-screen-2x-pattern" name="tests/sprites/1x-screen-2x-pattern"/>
    <testcase classname="tests/sprites/1x-screen-2x-icon" name="tests/sprites/1x-screen-2x-icon"/>
    <testcase classname="tests/sprites/1x-screen-1x-pattern" name="tests/sprites/1x-screen-1x-pattern"/>
    <testcase classname="tests/sprites/1x-screen-1x-icon" name="tests/sprites/1x-screen-1x-icon"/>
    <testcase classname="tests/sparse-tileset/vectorbase" name="tests/sparse-tileset/vectorbase"/>
    <testcase classname="tests/sparse-tileset/rasterfallback204" name="tests/sparse-tileset/rasterfallback204"/>
    <testcase classname="tests/sparse-tileset/rasterfallback" name="tests/sparse-tileset/rasterfallback"/>
    <testcase classname="tests/sparse-tileset/rasterbase" name="tests/sparse-tileset/rasterbase"/>
    <testcase classname="tests/sparse-tileset/overdraw204" name="tests/sparse-tileset/overdraw204"/>
    <testcase classname="tests/sparse-tileset/overdraw" name="tests/sparse-tileset/overdraw"/>
    <testcase classname="tests/sky/roll90" name="tests/sky/roll90"/>
    <testcase classname="tests/sky/roll45-with-text" name="tests/sky/roll45-with-text"/>
    <testcase classname="tests/sky/roll180" name="tests/sky/roll180"/>
    <testcase classname="tests/sky/roll10" name="tests/sky/roll10"/>
    <testcase classname="tests/sky/basic" name="tests/sky/basic"/>
    <testcase classname="tests/satellite-v9/z0" name="tests/satellite-v9/z0"/>
    <testcase classname="tests/runtime-styling/visibility-visible-to-none" name="tests/runtime-styling/visibility-visible-to-none"/>
    <testcase classname="tests/runtime-styling/visibility-visible-to-default" name="tests/runtime-styling/visibility-visible-to-default"/>
    <testcase classname="tests/runtime-styling/visibility-none-to-visible" name="tests/runtime-styling/visibility-none-to-visible"/>
    <testcase classname="tests/runtime-styling/visibility-none-to-default" name="tests/runtime-styling/visibility-none-to-default"/>
    <testcase classname="tests/runtime-styling/visibility-default-to-visible" name="tests/runtime-styling/visibility-default-to-visible"/>
    <testcase classname="tests/runtime-styling/visibility-default-to-none" name="tests/runtime-styling/visibility-default-to-none"/>
    <testcase classname="tests/runtime-styling/source-add-vector-url" name="tests/runtime-styling/source-add-vector-url"/>
    <testcase classname="tests/runtime-styling/source-add-vector-inline" name="tests/runtime-styling/source-add-vector-inline"/>
    <testcase classname="tests/runtime-styling/source-add-raster-url" name="tests/runtime-styling/source-add-raster-url"/>
    <testcase classname="tests/runtime-styling/source-add-raster-inline" name="tests/runtime-styling/source-add-raster-inline"/>
    <testcase classname="tests/runtime-styling/source-add-geojson-url" name="tests/runtime-styling/source-add-geojson-url"/>
    <testcase classname="tests/runtime-styling/source-add-geojson-inline" name="tests/runtime-styling/source-add-geojson-inline"/>
    <testcase classname="tests/runtime-styling/set-style-visibility-visible-to-none" name="tests/runtime-styling/set-style-visibility-visible-to-none"/>
    <testcase classname="tests/runtime-styling/set-style-visibility-visible-to-default" name="tests/runtime-styling/set-style-visibility-visible-to-default"/>
    <testcase classname="tests/runtime-styling/set-style-visibility-none-to-visible" name="tests/runtime-styling/set-style-visibility-none-to-visible"/>
    <testcase classname="tests/runtime-styling/set-style-visibility-none-to-default" name="tests/runtime-styling/set-style-visibility-none-to-default"/>
    <testcase classname="tests/runtime-styling/set-style-visibility-default-to-visible" name="tests/runtime-styling/set-style-visibility-default-to-visible"/>
    <testcase classname="tests/runtime-styling/set-style-visibility-default-to-none" name="tests/runtime-styling/set-style-visibility-default-to-none"/>
    <testcase classname="tests/runtime-styling/set-style-sprite" name="tests/runtime-styling/set-style-sprite"/>
    <testcase classname="tests/runtime-styling/set-style-source-update" name="tests/runtime-styling/set-style-source-update"/>
    <testcase classname="tests/runtime-styling/set-style-source-add-vector-url" name="tests/runtime-styling/set-style-source-add-vector-url"/>
    <testcase classname="tests/runtime-styling/set-style-source-add-vector-inline" name="tests/runtime-styling/set-style-source-add-vector-inline"/>
    <testcase classname="tests/runtime-styling/set-style-source-add-raster-url" name="tests/runtime-styling/set-style-source-add-raster-url"/>
    <testcase classname="tests/runtime-styling/set-style-source-add-raster-inline" name="tests/runtime-styling/set-style-source-add-raster-inline"/>
    <testcase classname="tests/runtime-styling/set-style-source-add-geojson-url" name="tests/runtime-styling/set-style-source-add-geojson-url"/>
    <testcase classname="tests/runtime-styling/set-style-source-add-geojson-inline" name="tests/runtime-styling/set-style-source-add-geojson-inline"/>
    <testcase classname="tests/runtime-styling/set-style-paint-property-zoom-function-to-literal" name="tests/runtime-styling/set-style-paint-property-zoom-function-to-literal"/>
    <testcase classname="tests/runtime-styling/set-style-paint-property-zoom-function-to-default" name="tests/runtime-styling/set-style-paint-property-zoom-function-to-default"/>
    <testcase classname="tests/runtime-styling/set-style-paint-property-zoom-expression-to-literal" name="tests/runtime-styling/set-style-paint-property-zoom-expression-to-literal"/>
    <testcase classname="tests/runtime-styling/set-style-paint-property-zoom-expression-to-default" name="tests/runtime-styling/set-style-paint-property-zoom-expression-to-default"/>
    <testcase classname="tests/runtime-styling/set-style-paint-property-property-function-to-literal" name="tests/runtime-styling/set-style-paint-property-property-function-to-literal"/>
    <testcase classname="tests/runtime-styling/set-style-paint-property-property-function-to-default" name="tests/runtime-styling/set-style-paint-property-property-function-to-default"/>
    <testcase classname="tests/runtime-styling/set-style-paint-property-property-expression-to-literal" name="tests/runtime-styling/set-style-paint-property-property-expression-to-literal"/>
    <testcase classname="tests/runtime-styling/set-style-paint-property-property-expression-to-default" name="tests/runtime-styling/set-style-paint-property-property-expression-to-default"/>
    <testcase classname="tests/runtime-styling/set-style-paint-property-literal-to-property-function" name="tests/runtime-styling/set-style-paint-property-literal-to-property-function"/>
    <testcase classname="tests/runtime-styling/set-style-paint-property-literal-to-property-expression" name="tests/runtime-styling/set-style-paint-property-literal-to-property-expression"/>
    <testcase classname="tests/runtime-styling/set-style-paint-property-literal-to-function" name="tests/runtime-styling/set-style-paint-property-literal-to-function"/>
    <testcase classname="tests/runtime-styling/set-style-paint-property-literal-to-expression" name="tests/runtime-styling/set-style-paint-property-literal-to-expression"/>
    <testcase classname="tests/runtime-styling/set-style-paint-property-literal-to-default" name="tests/runtime-styling/set-style-paint-property-literal-to-default"/>
    <testcase classname="tests/runtime-styling/set-style-paint-property-fill-flat-to-extrude" name="tests/runtime-styling/set-style-paint-property-fill-flat-to-extrude"/>
    <testcase classname="tests/runtime-styling/set-style-paint-property-default-to-zoom-function" name="tests/runtime-styling/set-style-paint-property-default-to-zoom-function"/>
    <testcase classname="tests/runtime-styling/set-style-paint-property-default-to-zoom-expression" name="tests/runtime-styling/set-style-paint-property-default-to-zoom-expression"/>
    <testcase classname="tests/runtime-styling/set-style-paint-property-default-to-property-function" name="tests/runtime-styling/set-style-paint-property-default-to-property-function"/>
    <testcase classname="tests/runtime-styling/set-style-paint-property-default-to-property-expression" name="tests/runtime-styling/set-style-paint-property-default-to-property-expression"/>
    <testcase classname="tests/runtime-styling/set-style-paint-property-default-to-literal" name="tests/runtime-styling/set-style-paint-property-default-to-literal"/>
    <testcase classname="tests/runtime-styling/set-style-layout-property-zoom-function-to-literal" name="tests/runtime-styling/set-style-layout-property-zoom-function-to-literal"/>
    <testcase classname="tests/runtime-styling/set-style-layout-property-zoom-function-to-default" name="tests/runtime-styling/set-style-layout-property-zoom-function-to-default"/>
    <testcase classname="tests/runtime-styling/set-style-layout-property-zoom-expression-to-literal" name="tests/runtime-styling/set-style-layout-property-zoom-expression-to-literal"/>
    <testcase classname="tests/runtime-styling/set-style-layout-property-zoom-expression-to-default" name="tests/runtime-styling/set-style-layout-property-zoom-expression-to-default"/>
    <testcase classname="tests/runtime-styling/set-style-layout-property-property-function-to-literal" name="tests/runtime-styling/set-style-layout-property-property-function-to-literal"/>
    <testcase classname="tests/runtime-styling/set-style-layout-property-property-function-to-default" name="tests/runtime-styling/set-style-layout-property-property-function-to-default"/>
    <testcase classname="tests/runtime-styling/set-style-layout-property-property-expression-to-literal" name="tests/runtime-styling/set-style-layout-property-property-expression-to-literal"/>
    <testcase classname="tests/runtime-styling/set-style-layout-property-property-expression-to-default" name="tests/runtime-styling/set-style-layout-property-property-expression-to-default"/>
    <testcase classname="tests/runtime-styling/set-style-layout-property-literal-to-zoom-function" name="tests/runtime-styling/set-style-layout-property-literal-to-zoom-function"/>
    <testcase classname="tests/runtime-styling/set-style-layout-property-literal-to-zoom-expression" name="tests/runtime-styling/set-style-layout-property-literal-to-zoom-expression"/>
    <testcase classname="tests/runtime-styling/set-style-layout-property-literal-to-property-function" name="tests/runtime-styling/set-style-layout-property-literal-to-property-function"/>
    <testcase classname="tests/runtime-styling/set-style-layout-property-literal-to-property-expression" name="tests/runtime-styling/set-style-layout-property-literal-to-property-expression"/>
    <testcase classname="tests/runtime-styling/set-style-layout-property-literal-to-default" name="tests/runtime-styling/set-style-layout-property-literal-to-default"/>
    <testcase classname="tests/runtime-styling/set-style-layout-property-default-to-zoom-function" name="tests/runtime-styling/set-style-layout-property-default-to-zoom-function"/>
    <testcase classname="tests/runtime-styling/set-style-layout-property-default-to-zoom-expression" name="tests/runtime-styling/set-style-layout-property-default-to-zoom-expression"/>
    <testcase classname="tests/runtime-styling/set-style-layout-property-default-to-property-function" name="tests/runtime-styling/set-style-layout-property-default-to-property-function"/>
    <testcase classname="tests/runtime-styling/set-style-layout-property-default-to-property-expression" name="tests/runtime-styling/set-style-layout-property-default-to-property-expression"/>
    <testcase classname="tests/runtime-styling/set-style-layout-property-default-to-literal" name="tests/runtime-styling/set-style-layout-property-default-to-literal"/>
    <testcase classname="tests/runtime-styling/set-style-layer-reorder" name="tests/runtime-styling/set-style-layer-reorder"/>
    <testcase classname="tests/runtime-styling/set-style-layer-remove-symbol" name="tests/runtime-styling/set-style-layer-remove-symbol"/>
    <testcase classname="tests/runtime-styling/set-style-layer-remove-raster" name="tests/runtime-styling/set-style-layer-remove-raster"/>
    <testcase classname="tests/runtime-styling/set-style-layer-remove-line" name="tests/runtime-styling/set-style-layer-remove-line"/>
    <testcase classname="tests/runtime-styling/set-style-layer-remove-fill" name="tests/runtime-styling/set-style-layer-remove-fill"/>
    <testcase classname="tests/runtime-styling/set-style-layer-remove-circle" name="tests/runtime-styling/set-style-layer-remove-circle"/>
    <testcase classname="tests/runtime-styling/set-style-layer-remove-background" name="tests/runtime-styling/set-style-layer-remove-background"/>
    <testcase classname="tests/runtime-styling/set-style-layer-change-source-type" name="tests/runtime-styling/set-style-layer-change-source-type"/>
    <testcase classname="tests/runtime-styling/set-style-layer-change-source-layer" name="tests/runtime-styling/set-style-layer-change-source-layer"/>
    <testcase classname="tests/runtime-styling/set-style-layer-change-source" name="tests/runtime-styling/set-style-layer-change-source"/>
    <testcase classname="tests/runtime-styling/set-style-layer-add-symbol" name="tests/runtime-styling/set-style-layer-add-symbol"/>
    <testcase classname="tests/runtime-styling/set-style-layer-add-raster" name="tests/runtime-styling/set-style-layer-add-raster"/>
    <testcase classname="tests/runtime-styling/set-style-layer-add-line" name="tests/runtime-styling/set-style-layer-add-line"/>
    <testcase classname="tests/runtime-styling/set-style-layer-add-fill" name="tests/runtime-styling/set-style-layer-add-fill"/>
    <testcase classname="tests/runtime-styling/set-style-layer-add-circle" name="tests/runtime-styling/set-style-layer-add-circle"/>
    <testcase classname="tests/runtime-styling/set-style-layer-add-background" name="tests/runtime-styling/set-style-layer-add-background"/>
    <testcase classname="tests/runtime-styling/set-style-glyphs" name="tests/runtime-styling/set-style-glyphs"/>
    <testcase classname="tests/runtime-styling/set-style-filter-true-to-false" name="tests/runtime-styling/set-style-filter-true-to-false"/>
    <testcase classname="tests/runtime-styling/set-style-filter-true-to-default" name="tests/runtime-styling/set-style-filter-true-to-default"/>
    <testcase classname="tests/runtime-styling/set-style-filter-false-to-true" name="tests/runtime-styling/set-style-filter-false-to-true"/>
    <testcase classname="tests/runtime-styling/set-style-filter-false-to-default" name="tests/runtime-styling/set-style-filter-false-to-default"/>
    <testcase classname="tests/runtime-styling/set-style-filter-default-to-true" name="tests/runtime-styling/set-style-filter-default-to-true"/>
    <testcase classname="tests/runtime-styling/set-style-filter-default-to-false" name="tests/runtime-styling/set-style-filter-default-to-false"/>
    <testcase classname="tests/runtime-styling/pattern-add-remove-add" name="tests/runtime-styling/pattern-add-remove-add"/>
    <testcase classname="tests/runtime-styling/paint-property-zoom-function-to-literal" name="tests/runtime-styling/paint-property-zoom-function-to-literal"/>
    <testcase classname="tests/runtime-styling/paint-property-zoom-function-to-default" name="tests/runtime-styling/paint-property-zoom-function-to-default"/>
    <testcase classname="tests/runtime-styling/paint-property-zoom-expression-to-zoom-expression" name="tests/runtime-styling/paint-property-zoom-expression-to-zoom-expression"/>
    <testcase classname="tests/runtime-styling/paint-property-zoom-expression-to-zoom-and-property-expression" name="tests/runtime-styling/paint-property-zoom-expression-to-zoom-and-property-expression"/>
    <testcase classname="tests/runtime-styling/paint-property-zoom-expression-to-property-expression" name="tests/runtime-styling/paint-property-zoom-expression-to-property-expression"/>
    <testcase classname="tests/runtime-styling/paint-property-zoom-expression-to-literal" name="tests/runtime-styling/paint-property-zoom-expression-to-literal"/>
    <testcase classname="tests/runtime-styling/paint-property-zoom-expression-to-default" name="tests/runtime-styling/paint-property-zoom-expression-to-default"/>
    <testcase classname="tests/runtime-styling/paint-property-zoom-and-property-expression-to-zoom-expression" name="tests/runtime-styling/paint-property-zoom-and-property-expression-to-zoom-expression"/>
    <testcase classname="tests/runtime-styling/paint-property-zoom-and-property-expression-to-zoom-and-property-expression" name="tests/runtime-styling/paint-property-zoom-and-property-expression-to-zoom-and-property-expression"/>
    <testcase classname="tests/runtime-styling/paint-property-zoom-and-property-expression-to-property-expression" name="tests/runtime-styling/paint-property-zoom-and-property-expression-to-property-expression"/>
    <testcase classname="tests/runtime-styling/paint-property-property-function-to-literal" name="tests/runtime-styling/paint-property-property-function-to-literal"/>
    <testcase classname="tests/runtime-styling/paint-property-property-function-to-default" name="tests/runtime-styling/paint-property-property-function-to-default"/>
    <testcase classname="tests/runtime-styling/paint-property-property-expression-to-zoom-expression" name="tests/runtime-styling/paint-property-property-expression-to-zoom-expression"/>
    <testcase classname="tests/runtime-styling/paint-property-property-expression-to-property-expression" name="tests/runtime-styling/paint-property-property-expression-to-property-expression"/>
    <testcase classname="tests/runtime-styling/paint-property-property-expression-to-literal" name="tests/runtime-styling/paint-property-property-expression-to-literal"/>
    <testcase classname="tests/runtime-styling/paint-property-property-expression-to-default" name="tests/runtime-styling/paint-property-property-expression-to-default"/>
    <testcase classname="tests/runtime-styling/paint-property-overriden-expression-to-literal" name="tests/runtime-styling/paint-property-overriden-expression-to-literal"/>
    <testcase classname="tests/runtime-styling/paint-property-overriden-default-to-literal" name="tests/runtime-styling/paint-property-overriden-default-to-literal"/>
    <testcase classname="tests/runtime-styling/paint-property-overriden-default-to-expression" name="tests/runtime-styling/paint-property-overriden-default-to-expression"/>
    <testcase classname="tests/runtime-styling/paint-property-literal-to-property-function" name="tests/runtime-styling/paint-property-literal-to-property-function"/>
    <testcase classname="tests/runtime-styling/paint-property-literal-to-property-expression" name="tests/runtime-styling/paint-property-literal-to-property-expression"/>
    <testcase classname="tests/runtime-styling/paint-property-literal-to-function" name="tests/runtime-styling/paint-property-literal-to-function"/>
    <testcase classname="tests/runtime-styling/paint-property-literal-to-expression" name="tests/runtime-styling/paint-property-literal-to-expression"/>
    <testcase classname="tests/runtime-styling/paint-property-literal-to-default" name="tests/runtime-styling/paint-property-literal-to-default"/>
    <testcase classname="tests/runtime-styling/paint-property-fill-flat-to-extrude" name="tests/runtime-styling/paint-property-fill-flat-to-extrude"/>
    <testcase classname="tests/runtime-styling/paint-property-default-to-zoom-function" name="tests/runtime-styling/paint-property-default-to-zoom-function"/>
    <testcase classname="tests/runtime-styling/paint-property-default-to-zoom-expression" name="tests/runtime-styling/paint-property-default-to-zoom-expression"/>
    <testcase classname="tests/runtime-styling/paint-property-default-to-property-function" name="tests/runtime-styling/paint-property-default-to-property-function"/>
    <testcase classname="tests/runtime-styling/paint-property-default-to-property-expression" name="tests/runtime-styling/paint-property-default-to-property-expression"/>
    <testcase classname="tests/runtime-styling/paint-property-default-to-literal" name="tests/runtime-styling/paint-property-default-to-literal"/>
    <testcase classname="tests/runtime-styling/layout-property-zoom-function-to-literal" name="tests/runtime-styling/layout-property-zoom-function-to-literal"/>
    <testcase classname="tests/runtime-styling/layout-property-zoom-function-to-default" name="tests/runtime-styling/layout-property-zoom-function-to-default"/>
    <testcase classname="tests/runtime-styling/layout-property-zoom-expression-to-zoom-expression" name="tests/runtime-styling/layout-property-zoom-expression-to-zoom-expression"/>
    <testcase classname="tests/runtime-styling/layout-property-zoom-expression-to-zoom-and-property-expression" name="tests/runtime-styling/layout-property-zoom-expression-to-zoom-and-property-expression"/>
    <testcase classname="tests/runtime-styling/layout-property-zoom-expression-to-property-expression" name="tests/runtime-styling/layout-property-zoom-expression-to-property-expression"/>
    <testcase classname="tests/runtime-styling/layout-property-zoom-expression-to-literal" name="tests/runtime-styling/layout-property-zoom-expression-to-literal"/>
    <testcase classname="tests/runtime-styling/layout-property-zoom-expression-to-default" name="tests/runtime-styling/layout-property-zoom-expression-to-default"/>
    <testcase classname="tests/runtime-styling/layout-property-zoom-and-property-expression-to-zoom-expression" name="tests/runtime-styling/layout-property-zoom-and-property-expression-to-zoom-expression"/>
    <testcase classname="tests/runtime-styling/layout-property-zoom-and-property-expression-to-zoom-and-property-expression" name="tests/runtime-styling/layout-property-zoom-and-property-expression-to-zoom-and-property-expression"/>
    <testcase classname="tests/runtime-styling/layout-property-zoom-and-property-expression-to-property-expression" name="tests/runtime-styling/layout-property-zoom-and-property-expression-to-property-expression"/>
    <testcase classname="tests/runtime-styling/layout-property-text-variable-anchor" name="tests/runtime-styling/layout-property-text-variable-anchor"/>
    <testcase classname="tests/runtime-styling/layout-property-property-function-to-literal" name="tests/runtime-styling/layout-property-property-function-to-literal"/>
    <testcase classname="tests/runtime-styling/layout-property-property-function-to-default" name="tests/runtime-styling/layout-property-property-function-to-default"/>
    <testcase classname="tests/runtime-styling/layout-property-property-expression-to-zoom-expression" name="tests/runtime-styling/layout-property-property-expression-to-zoom-expression"/>
    <testcase classname="tests/runtime-styling/layout-property-property-expression-to-property-expression" name="tests/runtime-styling/layout-property-property-expression-to-property-expression"/>
    <testcase classname="tests/runtime-styling/layout-property-property-expression-to-literal" name="tests/runtime-styling/layout-property-property-expression-to-literal"/>
    <testcase classname="tests/runtime-styling/layout-property-property-expression-to-default" name="tests/runtime-styling/layout-property-property-expression-to-default"/>
    <testcase classname="tests/runtime-styling/layout-property-override-paint-property-literal" name="tests/runtime-styling/layout-property-override-paint-property-literal"/>
    <testcase classname="tests/runtime-styling/layout-property-override-paint-property-expression" name="tests/runtime-styling/layout-property-override-paint-property-expression"/>
    <testcase classname="tests/runtime-styling/layout-property-literal-to-zoom-function" name="tests/runtime-styling/layout-property-literal-to-zoom-function"/>
    <testcase classname="tests/runtime-styling/layout-property-literal-to-zoom-expression" name="tests/runtime-styling/layout-property-literal-to-zoom-expression"/>
    <testcase classname="tests/runtime-styling/layout-property-literal-to-property-function" name="tests/runtime-styling/layout-property-literal-to-property-function"/>
    <testcase classname="tests/runtime-styling/layout-property-literal-to-property-expression" name="tests/runtime-styling/layout-property-literal-to-property-expression"/>
    <testcase classname="tests/runtime-styling/layout-property-literal-to-default" name="tests/runtime-styling/layout-property-literal-to-default"/>
    <testcase classname="tests/runtime-styling/layout-property-default-to-zoom-function" name="tests/runtime-styling/layout-property-default-to-zoom-function"/>
    <testcase classname="tests/runtime-styling/layout-property-default-to-zoom-expression" name="tests/runtime-styling/layout-property-default-to-zoom-expression"/>
    <testcase classname="tests/runtime-styling/layout-property-default-to-property-function" name="tests/runtime-styling/layout-property-default-to-property-function"/>
    <testcase classname="tests/runtime-styling/layout-property-default-to-property-expression" name="tests/runtime-styling/layout-property-default-to-property-expression"/>
    <testcase classname="tests/runtime-styling/layout-property-default-to-literal" name="tests/runtime-styling/layout-property-default-to-literal"/>
    <testcase classname="tests/runtime-styling/layer-remove-symbol" name="tests/runtime-styling/layer-remove-symbol"/>
    <testcase classname="tests/runtime-styling/layer-remove-raster" name="tests/runtime-styling/layer-remove-raster"/>
    <testcase classname="tests/runtime-styling/layer-remove-line" name="tests/runtime-styling/layer-remove-line"/>
    <testcase classname="tests/runtime-styling/layer-remove-fill" name="tests/runtime-styling/layer-remove-fill"/>
    <testcase classname="tests/runtime-styling/layer-remove-circle" name="tests/runtime-styling/layer-remove-circle"/>
    <testcase classname="tests/runtime-styling/layer-remove-background" name="tests/runtime-styling/layer-remove-background"/>
    <testcase classname="tests/runtime-styling/layer-add-symbol" name="tests/runtime-styling/layer-add-symbol"/>
    <testcase classname="tests/runtime-styling/layer-add-raster" name="tests/runtime-styling/layer-add-raster"/>
    <testcase classname="tests/runtime-styling/layer-add-line" name="tests/runtime-styling/layer-add-line"/>
    <testcase classname="tests/runtime-styling/layer-add-fill" name="tests/runtime-styling/layer-add-fill"/>
    <testcase classname="tests/runtime-styling/layer-add-circle" name="tests/runtime-styling/layer-add-circle"/>
    <testcase classname="tests/runtime-styling/layer-add-background" name="tests/runtime-styling/layer-add-background"/>
    <testcase classname="tests/runtime-styling/image-remove" name="tests/runtime-styling/image-remove"/>
    <testcase classname="tests/runtime-styling/image-add-sdf" name="tests/runtime-styling/image-add-sdf"/>
    <testcase classname="tests/runtime-styling/image-add-remove-add" name="tests/runtime-styling/image-add-remove-add"/>
    <testcase classname="tests/runtime-styling/image-add-pattern" name="tests/runtime-styling/image-add-pattern"/>
    <testcase classname="tests/runtime-styling/image-add-nonsdf" name="tests/runtime-styling/image-add-nonsdf"/>
    <testcase classname="tests/runtime-styling/image-add-coalesce" name="tests/runtime-styling/image-add-coalesce"/>
    <testcase classname="tests/runtime-styling/image-add-alpha" name="tests/runtime-styling/image-add-alpha"/>
    <testcase classname="tests/runtime-styling/image-add-2x-image-2x-screen" name="tests/runtime-styling/image-add-2x-image-2x-screen"/>
    <testcase classname="tests/runtime-styling/image-add-2x-image-1x-screen" name="tests/runtime-styling/image-add-2x-image-1x-screen"/>
    <testcase classname="tests/runtime-styling/image-add-1x-image-2x-screen" name="tests/runtime-styling/image-add-1x-image-2x-screen"/>
    <testcase classname="tests/runtime-styling/image-add-1x-image-1x-screen" name="tests/runtime-styling/image-add-1x-image-1x-screen"/>
    <testcase classname="tests/runtime-styling/image-add-1.5x-image-2x-screen" name="tests/runtime-styling/image-add-1.5x-image-2x-screen"/>
    <testcase classname="tests/runtime-styling/image-add-1.5x-image-1x-screen" name="tests/runtime-styling/image-add-1.5x-image-1x-screen"/>
    <testcase classname="tests/runtime-styling/filter-true-to-false" name="tests/runtime-styling/filter-true-to-false"/>
    <testcase classname="tests/runtime-styling/filter-true-to-default" name="tests/runtime-styling/filter-true-to-default"/>
    <testcase classname="tests/runtime-styling/filter-false-to-true" name="tests/runtime-styling/filter-false-to-true"/>
    <testcase classname="tests/runtime-styling/filter-false-to-default" name="tests/runtime-styling/filter-false-to-default"/>
    <testcase classname="tests/runtime-styling/filter-default-to-true" name="tests/runtime-styling/filter-default-to-true"/>
    <testcase classname="tests/runtime-styling/filter-default-to-false" name="tests/runtime-styling/filter-default-to-false"/>
    <testcase classname="tests/retina-raster/default" name="tests/retina-raster/default"/>
    <testcase classname="tests/resampling/raster/literal" name="tests/resampling/raster/literal"/>
    <testcase classname="tests/resampling/raster/function" name="tests/resampling/raster/function"/>
    <testcase classname="tests/resampling/raster/default" name="tests/resampling/raster/default"/>
    <testcase classname="tests/resampling/hillshade/literal" name="tests/resampling/hillshade/literal"/>
    <testcase classname="tests/resampling/hillshade/function" name="tests/resampling/hillshade/function"/>
    <testcase classname="tests/resampling/hillshade/default" name="tests/resampling/hillshade/default"/>
    <testcase classname="tests/resampling/color-relief/literal" name="tests/resampling/color-relief/literal"/>
    <testcase classname="tests/resampling/color-relief/function" name="tests/resampling/color-relief/function"/>
    <testcase classname="tests/resampling/color-relief/default" name="tests/resampling/color-relief/default"/>
    <testcase classname="tests/remove-feature-state/vector-source" name="tests/remove-feature-state/vector-source"/>
    <testcase classname="tests/remove-feature-state/data-expression" name="tests/remove-feature-state/data-expression"/>
    <testcase classname="tests/remove-feature-state/composite-expression" name="tests/remove-feature-state/composite-expression"/>
    <testcase classname="tests/regressions/mapbox-gl-shaders#37" name="tests/regressions/mapbox-gl-shaders#37"/>
    <testcase classname="tests/regressions/mapbox-gl-native#9979" name="tests/regressions/mapbox-gl-native#9979"/>
    <testcase classname="tests/regressions/mapbox-gl-native#9976" name="tests/regressions/mapbox-gl-native#9976"/>
    <testcase classname="tests/regressions/mapbox-gl-native#9900" name="tests/regressions/mapbox-gl-native#9900"/>
    <testcase classname="tests/regressions/mapbox-gl-native#9792" name="tests/regressions/mapbox-gl-native#9792"/>
    <testcase classname="tests/regressions/mapbox-gl-native#9557" name="tests/regressions/mapbox-gl-native#9557"/>
    <testcase classname="tests/regressions/mapbox-gl-native#9406" name="tests/regressions/mapbox-gl-native#9406"/>
    <testcase classname="tests/regressions/mapbox-gl-native#8952" name="tests/regressions/mapbox-gl-native#8952"/>
    <testcase classname="tests/regressions/mapbox-gl-native#8871" name="tests/regressions/mapbox-gl-native#8871"/>
    <testcase classname="tests/regressions/mapbox-gl-native#8505" name="tests/regressions/mapbox-gl-native#8505"/>
    <testcase classname="tests/regressions/mapbox-gl-native#8460" name="tests/regressions/mapbox-gl-native#8460"/>
    <testcase classname="tests/regressions/mapbox-gl-native#8303" name="tests/regressions/mapbox-gl-native#8303"/>
    <testcase classname="tests/regressions/mapbox-gl-native#8078" name="tests/regressions/mapbox-gl-native#8078"/>
    <testcase classname="tests/regressions/mapbox-gl-native#7792" name="tests/regressions/mapbox-gl-native#7792"/>
    <testcase classname="tests/regressions/mapbox-gl-native#7714" name="tests/regressions/mapbox-gl-native#7714"/>
    <testcase classname="tests/regressions/mapbox-gl-native#7572" name="tests/regressions/mapbox-gl-native#7572"/>
    <testcase classname="tests/regressions/mapbox-gl-native#7357" name="tests/regressions/mapbox-gl-native#7357"/>
    <testcase classname="tests/regressions/mapbox-gl-native#7241" name="tests/regressions/mapbox-gl-native#7241"/>
    <testcase classname="tests/regressions/mapbox-gl-native#6903" name="tests/regressions/mapbox-gl-native#6903"/>
    <testcase classname="tests/regressions/mapbox-gl-native#6820" name="tests/regressions/mapbox-gl-native#6820"/>
    <testcase classname="tests/regressions/mapbox-gl-native#6233" name="tests/regressions/mapbox-gl-native#6233"/>
    <testcase classname="tests/regressions/mapbox-gl-native#6063" name="tests/regressions/mapbox-gl-native#6063"/>
    <testcase classname="tests/regressions/mapbox-gl-native#5754" name="tests/regressions/mapbox-gl-native#5754"/>
    <testcase classname="tests/regressions/mapbox-gl-native#5701" name="tests/regressions/mapbox-gl-native#5701"/>
    <testcase classname="tests/regressions/mapbox-gl-native#5648" name="tests/regressions/mapbox-gl-native#5648"/>
    <testcase classname="tests/regressions/mapbox-gl-native#3292" name="tests/regressions/mapbox-gl-native#3292"/>
    <testcase classname="tests/regressions/mapbox-gl-native#15139" name="tests/regressions/mapbox-gl-native#15139"/>
[...]
    <testcase classname="tests/combinations/fill-translucent--heatmap-translucent" name="tests/combinations/fill-translucent--heatmap-translucent"/>
    <testcase classname="tests/combinations/fill-translucent--fill-translucent" name="tests/combinations/fill-translucent--fill-translucent"/>
    <testcase classname="tests/combinations/fill-translucent--fill-opaque" name="tests/combinations/fill-translucent--fill-opaque"/>
    <testcase classname="tests/combinations/fill-translucent--fill-extrusion-translucent" name="tests/combinations/fill-translucent--fill-extrusion-translucent"/>
    <testcase classname="tests/combinations/fill-translucent--circle-translucent" name="tests/combinations/fill-translucent--circle-translucent"/>
    <testcase classname="tests/combinations/fill-translucent--background-translucent" name="tests/combinations/fill-translucent--background-translucent"/>
    <testcase classname="tests/combinations/fill-translucent--background-opaque" name="tests/combinations/fill-translucent--background-opaque"/>
    <testcase classname="tests/combinations/fill-opaque--symbol-translucent" name="tests/combinations/fill-opaque--symbol-translucent"/>
    <testcase classname="tests/combinations/fill-opaque--raster-translucent" name="tests/combinations/fill-opaque--raster-translucent"/>
    <testcase classname="tests/combinations/fill-opaque--line-translucent" name="tests/combinations/fill-opaque--line-translucent"/>
    <testcase classname="tests/combinations/fill-opaque--hillshade-translucent" name="tests/combinations/fill-opaque--hillshade-translucent"/>
    <testcase classname="tests/combinations/fill-opaque--heatmap-translucent" name="tests/combinations/fill-opaque--heatmap-translucent"/>
    <testcase classname="tests/combinations/fill-opaque--fill-translucent" name="tests/combinations/fill-opaque--fill-translucent"/>
    <testcase classname="tests/combinations/fill-opaque--fill-opaque" name="tests/combinations/fill-opaque--fill-opaque"/>
    <testcase classname="tests/combinations/fill-opaque--fill-extrusion-translucent" name="tests/combinations/fill-opaque--fill-extrusion-translucent"/>
    <testcase classname="tests/combinations/fill-opaque--circle-translucent" name="tests/combinations/fill-opaque--circle-translucent"/>
    <testcase classname="tests/combinations/fill-opaque--background-translucent" name="tests/combinations/fill-opaque--background-translucent"/>
    <testcase classname="tests/combinations/fill-opaque--background-opaque" name="tests/combinations/fill-opaque--background-opaque"/>
    <testcase classname="tests/combinations/fill-extrusion-translucent--symbol-translucent" name="tests/combinations/fill-extrusion-translucent--symbol-translucent"/>
    <testcase classname="tests/combinations/fill-extrusion-translucent--raster-translucent" name="tests/combinations/fill-extrusion-translucent--raster-translucent"/>
    <testcase classname="tests/combinations/fill-extrusion-translucent--line-translucent" name="tests/combinations/fill-extrusion-translucent--line-translucent"/>
    <testcase classname="tests/combinations/fill-extrusion-translucent--hillshade-translucent" name="tests/combinations/fill-extrusion-translucent--hillshade-translucent"/>
    <testcase classname="tests/combinations/fill-extrusion-translucent--heatmap-translucent" name="tests/combinations/fill-extrusion-translucent--heatmap-translucent"/>
    <testcase classname="tests/combinations/fill-extrusion-translucent--fill-translucent" name="tests/combinations/fill-extrusion-translucent--fill-translucent"/>
    <testcase classname="tests/combinations/fill-extrusion-translucent--fill-opaque" name="tests/combinations/fill-extrusion-translucent--fill-opaque"/>
    <testcase classname="tests/combinations/fill-extrusion-translucent--fill-extrusion-translucent" name="tests/combinations/fill-extrusion-translucent--fill-extrusion-translucent"/>
    <testcase classname="tests/combinations/fill-extrusion-translucent--circle-translucent" name="tests/combinations/fill-extrusion-translucent--circle-translucent"/>
    <testcase classname="tests/combinations/fill-extrusion-translucent--background-translucent" name="tests/combinations/fill-extrusion-translucent--background-translucent"/>
    <testcase classname="tests/combinations/fill-extrusion-translucent--background-opaque" name="tests/combinations/fill-extrusion-translucent--background-opaque"/>
    <testcase classname="tests/combinations/fill-extrusion--fill-translucent" name="tests/combinations/fill-extrusion--fill-translucent"/>
    <testcase classname="tests/combinations/fill-extrusion--fill-opaque" name="tests/combinations/fill-extrusion--fill-opaque"/>
    <testcase classname="tests/combinations/circle-translucent--symbol-translucent" name="tests/combinations/circle-translucent--symbol-translucent"/>
    <testcase classname="tests/combinations/circle-translucent--raster-translucent" name="tests/combinations/circle-translucent--raster-translucent"/>
    <testcase classname="tests/combinations/circle-translucent--line-translucent" name="tests/combinations/circle-translucent--line-translucent"/>
    <testcase classname="tests/combinations/circle-translucent--hillshade-translucent" name="tests/combinations/circle-translucent--hillshade-translucent"/>
    <testcase classname="tests/combinations/circle-translucent--heatmap-translucent" name="tests/combinations/circle-translucent--heatmap-translucent"/>
    <testcase classname="tests/combinations/circle-translucent--fill-translucent" name="tests/combinations/circle-translucent--fill-translucent"/>
    <testcase classname="tests/combinations/circle-translucent--fill-opaque" name="tests/combinations/circle-translucent--fill-opaque"/>
    <testcase classname="tests/combinations/circle-translucent--fill-extrusion-translucent" name="tests/combinations/circle-translucent--fill-extrusion-translucent"/>
    <testcase classname="tests/combinations/circle-translucent--circle-translucent" name="tests/combinations/circle-translucent--circle-translucent"/>
    <testcase classname="tests/combinations/circle-translucent--background-translucent" name="tests/combinations/circle-translucent--background-translucent"/>
    <testcase classname="tests/combinations/circle-translucent--background-opaque" name="tests/combinations/circle-translucent--background-opaque"/>
    <testcase classname="tests/combinations/background-translucent--symbol-translucent" name="tests/combinations/background-translucent--symbol-translucent"/>
    <testcase classname="tests/combinations/background-translucent--raster-translucent" name="tests/combinations/background-translucent--raster-translucent"/>
    <testcase classname="tests/combinations/background-translucent--line-translucent" name="tests/combinations/background-translucent--line-translucent"/>
    <testcase classname="tests/combinations/background-translucent--hillshade-translucent" name="tests/combinations/background-translucent--hillshade-translucent"/>
    <testcase classname="tests/combinations/background-translucent--heatmap-translucent" name="tests/combinations/background-translucent--heatmap-translucent"/>
    <testcase classname="tests/combinations/background-translucent--fill-translucent" name="tests/combinations/background-translucent--fill-translucent"/>
    <testcase classname="tests/combinations/background-translucent--fill-opaque" name="tests/combinations/background-translucent--fill-opaque"/>
    <testcase classname="tests/combinations/background-translucent--fill-extrusion-translucent" name="tests/combinations/background-translucent--fill-extrusion-translucent"/>
    <testcase classname="tests/combinations/background-translucent--circle-translucent" name="tests/combinations/background-translucent--circle-translucent"/>
    <testcase classname="tests/combinations/background-translucent--background-translucent" name="tests/combinations/background-translucent--background-translucent"/>
    <testcase classname="tests/combinations/background-translucent--background-opaque" name="tests/combinations/background-translucent--background-opaque"/>
    <testcase classname="tests/combinations/background-opaque--symbol-translucent" name="tests/combinations/background-opaque--symbol-translucent"/>
    <testcase classname="tests/combinations/background-opaque--raster-translucent" name="tests/combinations/background-opaque--raster-translucent"/>
    <testcase classname="tests/combinations/background-opaque--line-translucent" name="tests/combinations/background-opaque--line-translucent"/>
    <testcase classname="tests/combinations/background-opaque--hillshade-translucent" name="tests/combinations/background-opaque--hillshade-translucent"/>
    <testcase classname="tests/combinations/background-opaque--heatmap-translucent" name="tests/combinations/background-opaque--heatmap-translucent"/>
    <testcase classname="tests/combinations/background-opaque--fill-translucent" name="tests/combinations/background-opaque--fill-translucent"/>
    <testcase classname="tests/combinations/background-opaque--fill-opaque" name="tests/combinations/background-opaque--fill-opaque"/>
    <testcase classname="tests/combinations/background-opaque--fill-extrusion-translucent" name="tests/combinations/background-opaque--fill-extrusion-translucent"/>
    <testcase classname="tests/combinations/background-opaque--circle-translucent" name="tests/combinations/background-opaque--circle-translucent"/>
    <testcase classname="tests/combinations/background-opaque--background-translucent" name="tests/combinations/background-opaque--background-translucent"/>
    <testcase classname="tests/combinations/background-opaque--background-opaque" name="tests/combinations/background-opaque--background-opaque"/>
    <testcase classname="tests/color-relief/transparency" name="tests/color-relief/transparency"/>
    <testcase classname="tests/color-relief/rainbow" name="tests/color-relief/rainbow"/>
    <testcase classname="tests/color-relief/opacity" name="tests/color-relief/opacity"/>
    <testcase classname="tests/color-relief/hillshade" name="tests/color-relief/hillshade"/>
    <testcase classname="tests/collator/resolved-locale" name="tests/collator/resolved-locale"/>
    <testcase classname="tests/collator/default" name="tests/collator/default"/>
    <testcase classname="tests/circle-translate-anchor/viewport" name="tests/circle-translate-anchor/viewport"/>
    <testcase classname="tests/circle-translate-anchor/map" name="tests/circle-translate-anchor/map"/>
    <testcase classname="tests/circle-translate/literal" name="tests/circle-translate/literal"/>
    <testcase classname="tests/circle-translate/function" name="tests/circle-translate/function"/>
    <testcase classname="tests/circle-translate/default" name="tests/circle-translate/default"/>
    <testcase classname="tests/circle-stroke-width/zoom-and-property-function" name="tests/circle-stroke-width/zoom-and-property-function"/>
    <testcase classname="tests/circle-stroke-width/property-function" name="tests/circle-stroke-width/property-function"/>
    <testcase classname="tests/circle-stroke-width/literal" name="tests/circle-stroke-width/literal"/>
    <testcase classname="tests/circle-stroke-width/function" name="tests/circle-stroke-width/function"/>
    <testcase classname="tests/circle-stroke-width/default" name="tests/circle-stroke-width/default"/>
    <testcase classname="tests/circle-stroke-opacity/zoom-and-property-function" name="tests/circle-stroke-opacity/zoom-and-property-function"/>
    <testcase classname="tests/circle-stroke-opacity/stroke-only" name="tests/circle-stroke-opacity/stroke-only"/>
    <testcase classname="tests/circle-stroke-opacity/property-function" name="tests/circle-stroke-opacity/property-function"/>
    <testcase classname="tests/circle-stroke-opacity/literal" name="tests/circle-stroke-opacity/literal"/>
    <testcase classname="tests/circle-stroke-opacity/function" name="tests/circle-stroke-opacity/function"/>
    <testcase classname="tests/circle-stroke-opacity/default" name="tests/circle-stroke-opacity/default"/>
    <testcase classname="tests/circle-stroke-color/zoom-and-property-function" name="tests/circle-stroke-color/zoom-and-property-function"/>
    <testcase classname="tests/circle-stroke-color/property-function" name="tests/circle-stroke-color/property-function"/>
    <testcase classname="tests/circle-stroke-color/literal" name="tests/circle-stroke-color/literal"/>
    <testcase classname="tests/circle-stroke-color/function" name="tests/circle-stroke-color/function"/>
    <testcase classname="tests/circle-stroke-color/default" name="tests/circle-stroke-color/default"/>
    <testcase classname="tests/circle-sort-key/data-driven" name="tests/circle-sort-key/data-driven"/>
    <testcase classname="tests/circle-radius/zoom-and-property-function" name="tests/circle-radius/zoom-and-property-function"/>
    <testcase classname="tests/circle-radius/property-function" name="tests/circle-radius/property-function"/>
    <testcase classname="tests/circle-radius/literal" name="tests/circle-radius/literal"/>
    <testcase classname="tests/circle-radius/global-state-with-get" name="tests/circle-radius/global-state-with-get"/>
    <testcase classname="tests/circle-radius/global-state" name="tests/circle-radius/global-state"/>
    <testcase classname="tests/circle-radius/function" name="tests/circle-radius/function"/>
    <testcase classname="tests/circle-radius/default" name="tests/circle-radius/default"/>
    <testcase classname="tests/circle-radius/antimeridian" name="tests/circle-radius/antimeridian"/>
    <testcase classname="tests/circle-pitch-scale/viewport" name="tests/circle-pitch-scale/viewport"/>
    <testcase classname="tests/circle-pitch-scale/map" name="tests/circle-pitch-scale/map"/>
    <testcase classname="tests/circle-pitch-scale/default" name="tests/circle-pitch-scale/default"/>
    <testcase classname="tests/circle-pitch-alignment/viewport-scale-viewport" name="tests/circle-pitch-alignment/viewport-scale-viewport"/>
    <testcase classname="tests/circle-pitch-alignment/viewport-scale-map" name="tests/circle-pitch-alignment/viewport-scale-map"/>
    <testcase classname="tests/circle-pitch-alignment/map-scale-viewport" name="tests/circle-pitch-alignment/map-scale-viewport"/>
    <testcase classname="tests/circle-pitch-alignment/map-scale-map" name="tests/circle-pitch-alignment/map-scale-map"/>
    <testcase classname="tests/circle-opacity/zoom-and-property-function" name="tests/circle-opacity/zoom-and-property-function"/>
    <testcase classname="tests/circle-opacity/property-function" name="tests/circle-opacity/property-function"/>
    <testcase classname="tests/circle-opacity/literal" name="tests/circle-opacity/literal"/>
    <testcase classname="tests/circle-opacity/function" name="tests/circle-opacity/function"/>
    <testcase classname="tests/circle-opacity/default" name="tests/circle-opacity/default"/>
    <testcase classname="tests/circle-opacity/blending" name="tests/circle-opacity/blending"/>
    <testcase classname="tests/circle-geometry/polygon" name="tests/circle-geometry/polygon"/>
    <testcase classname="tests/circle-geometry/point" name="tests/circle-geometry/point"/>
    <testcase classname="tests/circle-geometry/multipolygon" name="tests/circle-geometry/multipolygon"/>
    <testcase classname="tests/circle-geometry/multipoint" name="tests/circle-geometry/multipoint"/>
    <testcase classname="tests/circle-geometry/multilinestring" name="tests/circle-geometry/multilinestring"/>
    <testcase classname="tests/circle-geometry/linestring" name="tests/circle-geometry/linestring"/>
    <testcase classname="tests/circle-color/zoom-and-property-function" name="tests/circle-color/zoom-and-property-function"/>
    <testcase classname="tests/circle-color/property-function" name="tests/circle-color/property-function"/>
    <testcase classname="tests/circle-color/literal" name="tests/circle-color/literal"/>
    <testcase classname="tests/circle-color/global-state-with-get" name="tests/circle-color/global-state-with-get"/>
    <testcase classname="tests/circle-color/global-state" name="tests/circle-color/global-state"/>
    <testcase classname="tests/circle-color/function" name="tests/circle-color/function"/>
    <testcase classname="tests/circle-color/default" name="tests/circle-color/default"/>
    <testcase classname="tests/circle-blur/zoom-and-property-function" name="tests/circle-blur/zoom-and-property-function"/>
    <testcase classname="tests/circle-blur/property-function" name="tests/circle-blur/property-function"/>
    <testcase classname="tests/circle-blur/literal-stroke" name="tests/circle-blur/literal-stroke"/>
    <testcase classname="tests/circle-blur/literal" name="tests/circle-blur/literal"/>
    <testcase classname="tests/circle-blur/function" name="tests/circle-blur/function"/>
    <testcase classname="tests/circle-blur/default" name="tests/circle-blur/default"/>
    <testcase classname="tests/circle-blur/blending" name="tests/circle-blur/blending"/>
    <testcase classname="tests/canvas/update" name="tests/canvas/update"/>
    <testcase classname="tests/canvas/power-of-two" name="tests/canvas/power-of-two"/>
    <testcase classname="tests/canvas/default" name="tests/canvas/default"/>
    <testcase classname="tests/bright-v9/z0" name="tests/bright-v9/z0"/>
    <testcase classname="tests/basic-v9/z0-wide-x" name="tests/basic-v9/z0-wide-x"/>
    <testcase classname="tests/basic-v9/z0-narrow-y" name="tests/basic-v9/z0-narrow-y"/>
    <testcase classname="tests/basic-v9/z0" name="tests/basic-v9/z0"/>
    <testcase classname="tests/background-pattern/zoomed" name="tests/background-pattern/zoomed"/>
    <testcase classname="tests/background-pattern/rotated" name="tests/background-pattern/rotated"/>
    <testcase classname="tests/background-pattern/pitch" name="tests/background-pattern/pitch"/>
    <testcase classname="tests/background-pattern/missing" name="tests/background-pattern/missing"/>
    <testcase classname="tests/background-pattern/literal" name="tests/background-pattern/literal"/>
    <testcase classname="tests/background-pattern/@2x" name="tests/background-pattern/@2x"/>
    <testcase classname="tests/background-opacity/overlay" name="tests/background-opacity/overlay"/>
    <testcase classname="tests/background-opacity/function" name="tests/background-opacity/function"/>
    <testcase classname="tests/background-opacity/default" name="tests/background-opacity/default"/>
    <testcase classname="tests/background-opacity/background-pattern" name="tests/background-opacity/background-pattern"/>
    <testcase classname="tests/background-opacity/background-color" name="tests/background-opacity/background-color"/>
    <testcase classname="tests/background-color/transition" name="tests/background-color/transition"/>
    <testcase classname="tests/background-color/literal" name="tests/background-color/literal"/>
    <testcase classname="tests/background-color/function" name="tests/background-color/function"/>
    <testcase classname="tests/background-color/default" name="tests/background-color/default"/>
    <testcase classname="tests/background-color/colorSpace-lab" name="tests/background-color/colorSpace-lab"/>
    <testcase classname="tests/background-color/colorSpace-hcl" name="tests/background-color/colorSpace-hcl"/>
    <testcase classname="tests/text-local-ideographs/cjk-symbols" name="tests/text-local-ideographs/cjk-symbols">
      <failure/>
    </testcase>
    <testcase classname="tests/text-local-glyphs/no-glyphs" name="tests/text-local-glyphs/no-glyphs">
      <failure/>
    </testcase>
    <testcase classname="tests/text-local-glyphs/missing" name="tests/text-local-glyphs/missing">
      <failure/>
    </testcase>
    <testcase classname="tests/text-local-glyphs/cjk" name="tests/text-local-glyphs/cjk">
      <failure/>
    </testcase>
  </testsuite>
</testsuites>